[    0.000000] Linux version 4.15.0-175-generic (buildd@lcy02-amd64-034) (gcc version 7.5.0 (Ubuntu 7.5.0-3ubuntu1~18.04)) #184-Ubuntu SMP Thu Mar 24 17:48:36 UTC 2022 (Ubuntu 4.15.0-175.184-generic 4.15.18)
[    0.000000] Command line: BOOT_IMAGE=/boot/vmlinuz-4.15.0-175-generic root=LABEL=cloudimg-rootfs ro console=tty1 console=ttyS0
[    0.000000] KERNEL supported cpus:
[    0.000000]   Intel GenuineIntel
[    0.000000]   AMD AuthenticAMD
[    0.000000]   Centaur CentaurHauls
[    0.000000] x86/fpu: Supporting XSAVE feature 0x001: 'x87 floating point registers'
[    0.000000] x86/fpu: Supporting XSAVE feature 0x002: 'SSE registers'
[    0.000000] x86/fpu: Supporting XSAVE feature 0x004: 'AVX registers'
[    0.000000] x86/fpu: xstate_offset[2]:  576, xstate_sizes[2]:  256
[    0.000000] x86/fpu: Enabled xstate features 0x7, context size is 832 bytes, using 'standard' format.
[    0.000000] e820: BIOS-provided physical RAM map:
[    0.000000] BIOS-e820: [mem 0x0000000000000000-0x000000000009fbff] usable
[    0.000000] BIOS-e820: [mem 0x000000000009fc00-0x000000000009ffff] reserved
[    0.000000] BIOS-e820: [mem 0x00000000000f0000-0x00000000000fffff] reserved
[    0.000000] BIOS-e820: [mem 0x0000000000100000-0x000000003ffeffff] usable
[    0.000000] BIOS-e820: [mem 0x000000003fff0000-0x000000003fffffff] ACPI data
[    0.000000] BIOS-e820: [mem 0x00000000fec00000-0x00000000fec00fff] reserved
[    0.000000] BIOS-e820: [mem 0x00000000fee00000-0x00000000fee00fff] reserved
[    0.000000] BIOS-e820: [mem 0x00000000fffc0000-0x00000000ffffffff] reserved
[    0.000000] NX (Execute Disable) protection: active
[    0.000000] SMBIOS 2.5 present.
[    0.000000] DMI: innotek GmbH VirtualBox/VirtualBox, BIOS VirtualBox 12/01/2006
[    0.000000] Hypervisor detected: KVM
[    0.000000] e820: last_pfn = 0x3fff0 max_arch_pfn = 0x400000000
[    0.000000] MTRR: Disabled
[    0.000000] x86/PAT: MTRRs disabled, skipping PAT initialization too.
[    0.000000] CPU MTRRs all blank - virtualized system.
[    0.000000] x86/PAT: Configuration [0-7]: WB  WT  UC- UC  WB  WT  UC- UC  
[    0.000000] found SMP MP-table at [mem 0x0009fff0-0x0009ffff]
[    0.000000] Scanning 1 areas for low memory corruption
[    0.000000] RAMDISK: [mem 0x359cb000-0x36cdcfff]
[    0.000000] ACPI: Early table checksum verification disabled
[    0.000000] ACPI: RSDP 0x00000000000E0000 000024 (v02 VBOX  )
[    0.000000] ACPI: XSDT 0x000000003FFF0030 00003C (v01 VBOX   VBOXXSDT 00000001 ASL  00000061)
[    0.000000] ACPI: FACP 0x000000003FFF00F0 0000F4 (v04 VBOX   VBOXFACP 00000001 ASL  00000061)
[    0.000000] ACPI: DSDT 0x000000003FFF0470 002325 (v02 VBOX   VBOXBIOS 00000002 INTL 20100528)
[    0.000000] ACPI: FACS 0x000000003FFF0200 000040
[    0.000000] ACPI: FACS 0x000000003FFF0200 000040
[    0.000000] ACPI: APIC 0x000000003FFF0240 00005C (v02 VBOX   VBOXAPIC 00000001 ASL  00000061)
[    0.000000] ACPI: SSDT 0x000000003FFF02A0 0001CC (v01 VBOX   VBOXCPUT 00000002 INTL 20100528)
[    0.000000] ACPI: Reserving FACP table memory at [mem 0x3fff00f0-0x3fff01e3]
[    0.000000] ACPI: Reserving DSDT table memory at [mem 0x3fff0470-0x3fff2794]
[    0.000000] ACPI: Reserving FACS table memory at [mem 0x3fff0200-0x3fff023f]
[    0.000000] ACPI: Reserving FACS table memory at [mem 0x3fff0200-0x3fff023f]
[    0.000000] ACPI: Reserving APIC table memory at [mem 0x3fff0240-0x3fff029b]
[    0.000000] ACPI: Reserving SSDT table memory at [mem 0x3fff02a0-0x3fff046b]
[    0.000000] No NUMA configuration found
[    0.000000] Faking a node at [mem 0x0000000000000000-0x000000003ffeffff]
[    0.000000] NODE_DATA(0) allocated [mem 0x3ffc5000-0x3ffeffff]
[    0.000000] kvm-clock: cpu 0, msr 0:3ff44001, primary cpu clock
[    0.000000] kvm-clock: Using msrs 4b564d01 and 4b564d00
[    0.000000] kvm-clock: using sched offset of 3500517974 cycles
[    0.000000] clocksource: kvm-clock: mask: 0xffffffffffffffff max_cycles: 0x1cd42e4dffb, max_idle_ns: 881590591483 ns
[    0.000000] Zone ranges:
[    0.000000]   DMA      [mem 0x0000000000001000-0x0000000000ffffff]
[    0.000000]   DMA32    [mem 0x0000000001000000-0x000000003ffeffff]
[    0.000000]   Normal   empty
[    0.000000]   Device   empty
[    0.000000] Movable zone start for each node
[    0.000000] Early memory node ranges
[    0.000000]   node   0: [mem 0x0000000000001000-0x000000000009efff]
[    0.000000]   node   0: [mem 0x0000000000100000-0x000000003ffeffff]
[    0.000000] Reserved but unavailable: 104 pages
[    0.000000] Initmem setup node 0 [mem 0x0000000000001000-0x000000003ffeffff]
[    0.000000] ACPI: PM-Timer IO Port: 0x4008
[    0.000000] IOAPIC[0]: apic_id 2, version 32, address 0xfec00000, GSI 0-23
[    0.000000] ACPI: INT_SRC_OVR (bus 0 bus_irq 0 global_irq 2 dfl dfl)
[    0.000000] ACPI: INT_SRC_OVR (bus 0 bus_irq 9 global_irq 9 low level)
[    0.000000] Using ACPI (MADT) for SMP configuration information
[    0.000000] smpboot: Allowing 2 CPUs, 0 hotplug CPUs
[    0.000000] PM: Registered nosave memory: [mem 0x00000000-0x00000fff]
[    0.000000] PM: Registered nosave memory: [mem 0x0009f000-0x0009ffff]
[    0.000000] PM: Registered nosave memory: [mem 0x000a0000-0x000effff]
[    0.000000] PM: Registered nosave memory: [mem 0x000f0000-0x000fffff]
[    0.000000] e820: [mem 0x40000000-0xfebfffff] available for PCI devices
[    0.000000] Booting paravirtualized kernel on KVM
[    0.000000] clocksource: refined-jiffies: mask: 0xffffffff max_cycles: 0xffffffff, max_idle_ns: 7645519600211568 ns
[    0.000000] random: get_random_bytes called from start_kernel+0x99/0x500 with crng_init=0
[    0.000000] setup_percpu: NR_CPUS:8192 nr_cpumask_bits:2 nr_cpu_ids:2 nr_node_ids:1
[    0.000000] percpu: Embedded 50 pages/cpu s167936 r8192 d28672 u1048576
[    0.000000] PV qspinlock hash table entries: 256 (order: 0, 4096 bytes)
[    0.000000] Built 1 zonelists, mobility grouping on.  Total pages: 257913
[    0.000000] Policy zone: DMA32
[    0.000000] Kernel command line: BOOT_IMAGE=/boot/vmlinuz-4.15.0-175-generic root=LABEL=cloudimg-rootfs ro console=tty1 console=ttyS0
[    0.000000] Memory: 982648K/1048120K available (12300K kernel code, 2484K rwdata, 4324K rodata, 2468K init, 2724K bss, 65472K reserved, 0K cma-reserved)
[    0.000000] SLUB: HWalign=64, Order=0-3, MinObjects=0, CPUs=2, Nodes=1
[    0.000000] ftrace: allocating 39503 entries in 155 pages
[    0.004000] Hierarchical RCU implementation.
[    0.004000] 	RCU restricting CPUs from NR_CPUS=8192 to nr_cpu_ids=2.
[    0.004000] 	Tasks RCU enabled.
[    0.004000] RCU: Adjusting geometry for rcu_fanout_leaf=16, nr_cpu_ids=2
[    0.004000] NR_IRQS: 524544, nr_irqs: 440, preallocated irqs: 16
[    0.004000] Console: colour VGA+ 80x25
[    0.004000] console [tty1] enabled
[    0.004000] console [ttyS0] enabled
[    0.004000] ACPI: Core revision 20170831
[    0.004000] ACPI: 2 ACPI AML tables successfully acquired and loaded
[    0.004000] APIC: Switch to symmetric I/O mode setup
[    0.004000] x2apic enabled
[    0.004000] Switched APIC routing to physical x2apic.
[    0.004000] ..TIMER: vector=0x30 apic1=0 pin1=2 apic2=-1 pin2=-1
[    0.004000] tsc: Detected 2419.200 MHz processor
[    0.004010] Calibrating delay loop (skipped) preset value.. 4838.40 BogoMIPS (lpj=9676800)
[    0.005075] pid_max: default: 32768 minimum: 301
[    0.005735] Security Framework initialized
[    0.006294] Yama: becoming mindful.
[    0.006809] AppArmor: AppArmor initialized
[    0.008008] Dentry cache hash table entries: 131072 (order: 8, 1048576 bytes)
[    0.012053] Inode-cache hash table entries: 65536 (order: 7, 524288 bytes)
[    0.012962] Mount-cache hash table entries: 2048 (order: 2, 16384 bytes)
[    0.013929] Mountpoint-cache hash table entries: 2048 (order: 2, 16384 bytes)
[    0.015207] Last level iTLB entries: 4KB 0, 2MB 0, 4MB 0
[    0.016001] Last level dTLB entries: 4KB 0, 2MB 0, 4MB 0, 1GB 0
[    0.016768] Spectre V1 : Mitigation: usercopy/swapgs barriers and __user pointer sanitization
[    0.017873] Spectre V2 : Mitigation: Retpolines
[    0.018521] Spectre V2 : Spectre v2 / SpectreRSB mitigation: Filling RSB on context switch
[    0.020012] Speculative Store Bypass: Vulnerable
[    0.021490] Freeing SMP alternatives memory: 36K
[    0.134085] smpboot: CPU0: 11th Gen Intel(R) Core(TM) i5-1135G7 @ 2.40GHz (family: 0x6, model: 0x8c, stepping: 0x1)
[    0.136000] Performance Events: unsupported p6 CPU model 140 no PMU driver, software events only.
[    0.136030] Hierarchical SRCU implementation.
[    0.140264] NMI watchdog: Perf event create on CPU 0 failed with -2
[    0.141749] NMI watchdog: Perf NMI watchdog permanently disabled
[    0.143142] smp: Bringing up secondary CPUs ...
[    0.143749] x86: Booting SMP configuration:
[    0.144002] .... node  #0, CPUs:      #1
[    0.004000] kvm-clock: cpu 1, msr 0:3ff44041, secondary cpu clock
[    0.148028] smp: Brought up 1 node, 2 CPUs
[    0.148609] smpboot: Max logical packages: 1
[    0.149119] smpboot: Total of 2 processors activated (9676.80 BogoMIPS)
[    0.149994] devtmpfs: initialized
[    0.149994] x86/mm: Memory block size: 128MB
[    0.152103] evm: security.selinux
[    0.152749] evm: security.SMACK64
[    0.153416] evm: security.SMACK64EXEC
[    0.153941] evm: security.SMACK64TRANSMUTE
[    0.154716] evm: security.SMACK64MMAP
[    0.155174] evm: security.apparmor
[    0.155595] evm: security.ima
[    0.156002] evm: security.capability
[    0.156525] clocksource: jiffies: mask: 0xffffffff max_cycles: 0xffffffff, max_idle_ns: 7645041785100000 ns
[    0.157116] futex hash table entries: 512 (order: 3, 32768 bytes)
[    0.158000] pinctrl core: initialized pinctrl subsystem
[    0.160091] RTC time: 15:33:30, date: 04/13/22
[    0.164037] NET: Registered protocol family 16
[    0.164755] audit: initializing netlink subsys (disabled)
[    0.165554] audit: type=2000 audit(1649864015.726:1): state=initialized audit_enabled=0 res=1
[    0.165554] cpuidle: using governor ladder
[    0.165554] cpuidle: using governor menu
[    0.165554] ACPI: bus type PCI registered
[    0.168006] acpiphp: ACPI Hot Plug PCI Controller Driver version: 0.5
[    0.169370] PCI: Using configuration type 1 for base access
[    0.170026] HugeTLB registered 2.00 MiB page size, pre-allocated 0 pages
[    0.172057] ACPI: Added _OSI(Module Device)
[    0.172660] ACPI: Added _OSI(Processor Device)
[    0.173312] ACPI: Added _OSI(3.0 _SCP Extensions)
[    0.173943] ACPI: Added _OSI(Processor Aggregator Device)
[    0.174800] ACPI: Added _OSI(Linux-Dell-Video)
[    0.176003] ACPI: Added _OSI(Linux-Lenovo-NV-HDMI-Audio)
[    0.176601] ACPI: Added _OSI(Linux-HPI-Hybrid-Graphics)
[    0.177399] ACPI: Executed 1 blocks of module-level executable AML code
[    0.181597] ACPI: Interpreter enabled
[    0.182274] ACPI: (supports S0 S5)
[    0.182775] ACPI: Using IOAPIC for interrupt routing
[    0.183619] PCI: Using host bridge windows from ACPI; if necessary, use "pci=nocrs" and report a bug
[    0.184127] ACPI: Enabled 2 GPEs in block 00 to 07
[    0.196601] ACPI: PCI Root Bridge [PCI0] (domain 0000 [bus 00-ff])
[    0.198407] acpi PNP0A03:00: _OSC: OS supports [ASPM ClockPM Segments MSI]
[    0.200882] acpi PNP0A03:00: _OSC: not requesting OS control; OS requires [ExtendedConfig ASPM ClockPM MSI]
[    0.204032] acpi PNP0A03:00: fail to add MMCONFIG information, can't access extended PCI configuration space under this bridge.
[    0.207918] PCI host bridge to bus 0000:00
[    0.208007] pci_bus 0000:00: root bus resource [io  0x0000-0x0cf7 window]
[    0.209857] pci_bus 0000:00: root bus resource [io  0x0d00-0xffff window]
[    0.212007] pci_bus 0000:00: root bus resource [mem 0x000a0000-0x000bffff window]
[    0.214058] pci_bus 0000:00: root bus resource [mem 0x40000000-0xfdffffff window]
[    0.216010] pci_bus 0000:00: root bus resource [bus 00-ff]
[    0.223153] pci 0000:00:01.1: legacy IDE quirk: reg 0x10: [io  0x01f0-0x01f7]
[    0.224005] pci 0000:00:01.1: legacy IDE quirk: reg 0x14: [io  0x03f6]
[    0.225826] pci 0000:00:01.1: legacy IDE quirk: reg 0x18: [io  0x0170-0x0177]
[    0.227186] pci 0000:00:01.1: legacy IDE quirk: reg 0x1c: [io  0x0376]
[    0.245726] pci 0000:00:07.0: quirk: [io  0x4000-0x403f] claimed by PIIX4 ACPI
[    0.248022] pci 0000:00:07.0: quirk: [io  0x4100-0x410f] claimed by PIIX4 SMB
[    0.257207] ACPI: PCI Interrupt Link [LNKA] (IRQs 5 9 10 *11)
[    0.260206] ACPI: PCI Interrupt Link [LNKB] (IRQs 5 9 *10 11)
[    0.262401] ACPI: PCI Interrupt Link [LNKC] (IRQs 5 *9 10 11)
[    0.264121] ACPI: PCI Interrupt Link [LNKD] (IRQs 5 9 10 *11)
[    0.266073] SCSI subsystem initialized
[    0.266804] pci 0000:00:02.0: vgaarb: setting as boot VGA device
[    0.266804] pci 0000:00:02.0: vgaarb: VGA device added: decodes=io+mem,owns=io+mem,locks=none
[    0.268018] pci 0000:00:02.0: vgaarb: bridge control possible
[    0.272019] vgaarb: loaded
[    0.272958] ACPI: bus type USB registered
[    0.273733] usbcore: registered new interface driver usbfs
[    0.274573] usbcore: registered new interface driver hub
[    0.275412] usbcore: registered new device driver usb
[    0.276076] EDAC MC: Ver: 3.0.0
[    0.277134] PCI: Using ACPI for IRQ routing
[    0.277274] NetLabel: Initializing
[    0.277977] NetLabel:  domain hash size = 128
[    0.280011] NetLabel:  protocols = UNLABELED CIPSOv4 CALIPSO
[    0.281228] NetLabel:  unlabeled traffic allowed by default
[    0.282051] clocksource: Switched to clocksource kvm-clock
[    0.300316] VFS: Disk quotas dquot_6.6.0
[    0.301069] VFS: Dquot-cache hash table entries: 512 (order 0, 4096 bytes)
[    0.302282] AppArmor: AppArmor Filesystem Enabled
[    0.303088] pnp: PnP ACPI init
[    0.304460] pnp: PnP ACPI: found 3 devices
[    0.328475] clocksource: acpi_pm: mask: 0xffffff max_cycles: 0xffffff, max_idle_ns: 2085701024 ns
[    0.331548] NET: Registered protocol family 2
[    0.333256] IP idents hash table entries: 16384 (order: 5, 131072 bytes)
[    0.338594] TCP established hash table entries: 8192 (order: 4, 65536 bytes)
[    0.339653] TCP bind hash table entries: 8192 (order: 5, 131072 bytes)
[    0.340660] TCP: Hash tables configured (established 8192 bind 8192)
[    0.341572] UDP hash table entries: 512 (order: 2, 16384 bytes)
[    0.342998] UDP-Lite hash table entries: 512 (order: 2, 16384 bytes)
[    0.344928] NET: Registered protocol family 1
[    0.345729] pci 0000:00:00.0: Limiting direct PCI/PCI transfers
[    0.347202] pci 0000:00:01.0: Activating ISA DMA hang workarounds
[    0.348192] pci 0000:00:02.0: Video device with shadowed ROM at [mem 0x000c0000-0x000dffff]
[    0.349579] Unpacking initramfs...
[    0.732527] Freeing initrd memory: 19528K
[    0.733398] clocksource: tsc: mask: 0xffffffffffffffff max_cycles: 0x22df1149949, max_idle_ns: 440795312789 ns
[    0.734922] platform rtc_cmos: registered platform RTC device (no PNP device found)
[    0.736050] Scanning for low memory corruption every 60 seconds
[    0.737389] Initialise system trusted keyrings
[    0.737993] Key type blacklist registered
[    0.738718] workingset: timestamp_bits=36 max_order=18 bucket_order=0
[    0.740214] zbud: loaded
[    0.741164] squashfs: version 4.0 (2009/01/31) Phillip Lougher
[    0.741993] fuse init (API version 7.26)
[    0.743955] Key type asymmetric registered
[    0.744520] Asymmetric key parser 'x509' registered
[    0.745331] Block layer SCSI generic (bsg) driver version 0.4 loaded (major 246)
[    0.746630] io scheduler noop registered
[    0.747290] io scheduler deadline registered
[    0.747988] io scheduler cfq registered (default)
[    0.749117] ACPI: AC Adapter [AC] (on-line)
[    0.749814] input: Power Button as /devices/LNXSYSTM:00/LNXPWRBN:00/input/input0
[    0.750760] ACPI: Power Button [PWRF]
[    0.751351] input: Sleep Button as /devices/LNXSYSTM:00/LNXSLPBN:00/input/input1
[    0.752482] ACPI: Sleep Button [SLPF]
[    0.753699] ACPI: Battery Slot [BAT0] (battery present)
[    0.754526] Serial: 8250/16550 driver, 32 ports, IRQ sharing enabled
[    0.776353] 00:02: ttyS0 at I/O 0x3f8 (irq = 4, base_baud = 115200) is a 16550A
[    0.779433] Linux agpgart interface v0.103
[    0.781247] loop: module loaded
[    0.782220] scsi host0: ata_piix
[    0.782996] scsi host1: ata_piix
[    0.784104] ata1: PATA max UDMA/33 cmd 0x1f0 ctl 0x3f6 bmdma 0xd000 irq 14
[    0.786103] ata2: PATA max UDMA/33 cmd 0x170 ctl 0x376 bmdma 0xd008 irq 15
[    0.787296] tun: Universal TUN/TAP device driver, 1.6
[    0.788913] PPP generic driver version 2.4.2
[    0.789771] ehci_hcd: USB 2.0 'Enhanced' Host Controller (EHCI) Driver
[    0.791238] ehci-pci: EHCI PCI platform driver
[    0.792020] ehci-platform: EHCI generic platform driver
[    0.792890] ohci_hcd: USB 1.1 'Open' Host Controller (OHCI) Driver
[    0.793865] ohci-pci: OHCI PCI platform driver
[    0.794616] ohci-platform: OHCI generic platform driver
[    0.795367] uhci_hcd: USB Universal Host Controller Interface driver
[    0.796457] i8042: PNP: PS/2 Controller [PNP0303:PS2K,PNP0f03:PS2M] at 0x60,0x64 irq 1,12
[    0.798120] serio: i8042 KBD port at 0x60,0x64 irq 1
[    0.798954] serio: i8042 AUX port at 0x60,0x64 irq 12
[    0.799914] mousedev: PS/2 mouse device common for all mice
[    0.801435] input: AT Translated Set 2 keyboard as /devices/platform/i8042/serio0/input/input2
[    0.802825] rtc_cmos rtc_cmos: rtc core: registered rtc_cmos as rtc0
[    0.803810] rtc_cmos rtc_cmos: alarms up to one day, 114 bytes nvram
[    0.804746] i2c /dev entries driver
[    0.805323] device-mapper: uevent: version 1.0.3
[    0.806031] device-mapper: ioctl: 4.37.0-ioctl (2017-09-20) initialised: dm-devel@redhat.com
[    0.807262] ledtrig-cpu: registered to indicate activity on CPUs
[    0.808392] NET: Registered protocol family 10
[    0.811706] Segment Routing with IPv6
[    0.812288] NET: Registered protocol family 17
[    0.812826] Key type dns_resolver registered
[    0.813489] mce: Using 0 MCE banks
[    0.813965] RAS: Correctable Errors collector initialized.
[    0.814675] sched_clock: Marking stable (813467581, 0)->(965766842, -152299261)
[    0.815908] registered taskstats version 1
[    0.816457] Loading compiled-in X.509 certificates
[    0.818509] Loaded X.509 cert 'Build time autogenerated kernel key: ea99b1e66d5186ff77dcfb46de385e3fbd0a569c'
[    0.820364] Loaded X.509 cert 'Canonical Ltd. Live Patch Signing: 14df34d1a87cf37625abec039ef2bf521249b969'
[    0.822123] Loaded X.509 cert 'Canonical Ltd. Kernel Module Signing: 88f752e560a1e0737e31163a466ad7b70a850c19'
[    0.823439] blacklist: Loading compiled-in revocation X.509 certificates
[    0.824251] Loaded X.509 cert 'Canonical Ltd. Secure Boot Signing: 61482aa2830d0ab2ad5af10b7250da9033ddcef0'
[    0.825442] zswap: loaded using pool lzo/zbud
[    0.828133] Key type big_key registered
[    0.828692] Key type trusted registered
[    0.830242] Key type encrypted registered
[    0.830868] AppArmor: AppArmor sha1 policy hashing enabled
[    0.831620] ima: No TPM chip found, activating TPM-bypass! (rc=-19)
[    0.832494] ima: Allocated hash algorithm: sha1
[    0.833143] evm: HMAC attrs: 0x1
[    0.833890]   Magic number: 2:584:588
[    0.834415] rtc_cmos rtc_cmos: setting system clock to 2022-04-13 15:33:31 UTC (1649864011)
[    0.835393] BIOS EDD facility v0.16 2004-Jun-25, 0 devices found
[    0.836096] EDD information not available.
[    0.977332] Freeing unused kernel image memory: 2468K
[    0.991939] Write protecting the kernel read-only data: 20480k
[    0.996120] Freeing unused kernel image memory: 2008K
[    0.998785] Freeing unused kernel image memory: 1820K
[    1.010958] x86/mm: Checked W+X mappings: passed, no W+X pages found.
Loading, please wait...
starting version 237
[    1.089472] Fusion MPT base driver 3.04.20
[    1.090581] Copyright (c) 1999-2008 LSI Corporation
[    1.091667] e1000: Intel(R) PRO/1000 Network Driver - version 7.3.21-k8-NAPI
[    1.093227] e1000: Copyright (c) 1999-2006 Intel Corporation.
[    1.131799] AVX2 version of gcm_enc/dec engaged.
[    1.134788] AES CTR mode by8 optimization enabled
[    1.139931] Fusion MPT SPI Host driver 3.04.20
[    1.335843] input: ImExPS/2 Generic Explorer Mouse as /devices/platform/i8042/serio1/input/input4
[    1.772122] e1000 0000:00:03.0 eth0: (PCI:33MHz:32-bit) 02:33:ba:03:32:e5
[    1.773487] e1000 0000:00:03.0 eth0: Intel(R) PRO/1000 Network Connection
[    1.775644] e1000 0000:00:03.0 enp0s3: renamed from eth0
[    1.777165] mptbase: ioc0: Initiating bringup
[    1.876762] ioc0: LSI53C1030 A0: Capabilities={Initiator}
[    2.121587] scsi host2: ioc0: LSI53C1030 A0, FwRev=00000000h, Ports=1, MaxQ=256, IRQ=20
[    2.288836] scsi 2:0:0:0: Direct-Access     VBOX     HARDDISK         1.0  PQ: 0 ANSI: 5
[    2.348536] scsi target2:0:0: Beginning Domain Validation
[    2.355560] scsi target2:0:0: Domain Validation skipping write tests
[    2.358323] scsi target2:0:0: Ending Domain Validation
[    2.360714] scsi target2:0:0: asynchronous
[    2.364120] scsi 2:0:1:0: Direct-Access     VBOX     HARDDISK         1.0  PQ: 0 ANSI: 5
[    3.306925] scsi target2:0:1: Beginning Domain Validation
[    3.313939] random: fast init done
[    3.315983] scsi target2:0:1: Domain Validation skipping write tests
[    3.318592] scsi target2:0:1: Ending Domain Validation
[    3.321049] scsi target2:0:1: asynchronous
[    3.332132] random: systemd-udevd: uninitialized urandom read (16 bytes read)
[    3.332274] sd 2:0:0:0: Attached scsi generic sg0 type 0
[    3.335421] random: systemd-udevd: uninitialized urandom read (16 bytes read)
[    3.338477] random: systemd-udevd: uninitialized urandom read (16 bytes read)
[    3.340380] sd 2:0:1:0: Attached scsi generic sg1 type 0
[    3.341809] sd 2:0:0:0: [sda] 83886080 512-byte logical blocks: (42.9 GB/40.0 GiB)
[    3.344484] sd 2:0:0:0: [sda] Write Protect is off
[    3.346139] sd 2:0:1:0: [sdb] 20480 512-byte logical blocks: (10.5 MB/10.0 MiB)
[    3.347612] sd 2:0:1:0: [sdb] Write Protect is off
[    3.348456] sd 2:0:0:0: [sda] Incomplete mode parameter data
[    3.349397] sd 2:0:0:0: [sda] Assuming drive cache: write through
[    3.350508] sd 2:0:1:0: [sdb] Incomplete mode parameter data
[    3.351174] sd 2:0:1:0: [sdb] Assuming drive cache: write through
[    3.357774]  sda: sda1
[    3.360366] sd 2:0:0:0: [sda] Attached SCSI disk
[    3.362496] sd 2:0:1:0: [sdb] Attached SCSI disk
Begin: Loading essential drivers ... [    4.820068] raid6: sse2x1   gen() 11271 MB/s
[    4.868135] raid6: sse2x1   xor()  7189 MB/s
[    4.916027] raid6: sse2x2   gen()  7439 MB/s
[    4.964038] raid6: sse2x2   xor()  7835 MB/s
[    5.012017] raid6: sse2x4   gen() 10647 MB/s
[    5.060065] raid6: sse2x4   xor()  9649 MB/s
[    5.108088] raid6: avx2x1   gen() 27435 MB/s
[    5.156180] raid6: avx2x1   xor()  8174 MB/s
[    5.205055] raid6: avx2x2   gen() 16431 MB/s
[    5.252132] raid6: avx2x2   xor() 19173 MB/s
[    5.300005] raid6: avx2x4   gen() 19207 MB/s
[    5.348060] raid6: avx2x4   xor() 18022 MB/s
[    5.348777] raid6: using algorithm avx2x1 gen() 27435 MB/s
[    5.349731] raid6: .... xor() 8174 MB/s, rmw enabled
[    5.351018] raid6: using avx2x2 recovery algorithm
[    5.352774] xor: automatically using best checksumming function   avx       
[    5.354479] async_tx: api initialized (async)
done.
Begin: Running /scripts/init-premount ... done.
Begin: Mounting root file system ... Begin: Running /scripts/local-top ... done.
Begin: Running /scripts/local-premount ... [    5.395040] Btrfs loaded, crc32c=crc32c-intel
Scanning for Btrfs filesystems
done.
Warning: fsck not present, so skipping root file system
[    5.462415] EXT4-fs (sda1): mounted filesystem with ordered data mode. Opts: (null)
done.
Begin: Running /scripts/local-bottom ... done.
Begin: Running /scripts/init-bottom ... done.
[    5.634206] ip_tables: (C) 2000-2006 Netfilter Core Team
[    5.640645] systemd[1]: systemd 237 running in system mode. (+PAM +AUDIT +SELINUX +IMA +APPARMOR +SMACK +SYSVINIT +UTMP +LIBCRYPTSETUP +GCRYPT +GNUTLS +ACL +XZ +LZ4 +SECCOMP +BLKID +ELFUTILS +KMOD -IDN2 +IDN -PCRE2 default-hierarchy=hybrid)
[    5.643202] systemd[1]: Detected virtualization oracle.
[    5.643915] systemd[1]: Detected architecture x86-64.

Welcome to [1mUbuntu 18.04.6 LTS[0m!

[    5.648226] systemd[1]: Set hostname to <ubuntu>.
[    5.650446] systemd[1]: Initializing machine ID from random generator.
[    5.651279] systemd[1]: Installed transient /etc/machine-id file.
[    5.911666] systemd[1]: Created slice User and Session Slice.
[[0;32m  OK  [0m] Created slice User and Session Slice.
[    5.913396] systemd[1]: Created slice System Slice.
[[0;32m  OK  [0m] Created slice System Slice.
[    5.914603] systemd[1]: Listening on Syslog Socket.
[[0;32m  OK  [0m] Listening on Syslog Socket.
[    5.915918] systemd[1]: Listening on Journal Audit Socket.
[[0;32m  OK  [0m] Listening on Journal Audit Socket.
[[0;32m  OK  [0m] Reached target Swap.
[[0;32m  OK  [0m] Set up automount Arbitrary Executab…rmats File System Automount Point.
[[0;32m  OK  [0m] Created slice system-serial\x2dgetty.slice.
[[0;32m  OK  [0m] Listening on /dev/initctl Compatibility Named Pipe.
[[0;32m  OK  [0m] Listening on Journal Socket (/dev/log).
[[0;32m  OK  [0m] Listening on Device-mapper event daemon FIFOs.
[[0;32m  OK  [0m] Listening on LVM2 metadata daemon socket.
[[0;32m  OK  [0m] Reached target System Time Synchronized.
[[0;32m  OK  [0m] Listening on Journal Socket.
         Starting Load Kernel Modules...
         Mounting Huge Pages File System...
         Starting Set the console keyboard layout...
         Mounting Kernel Debug File System...
[[0;32m  OK  [0m] Reached target User and Group Name Lookups.
[[0;32m  OK  [0m] Listening on fsck to fsckd communication Socket.
         Starting File System Check on Root Device...
[[0;32m  OK  [0m] Listening on udev Control Socket.
[[0;32m  OK  [0m] Listening on Network Service Netlink Socket.
[[0;32m  OK  [0m] Listening on udev Kernel Socket.
         Starting udev Coldplug all Devices...
[[0;32m  OK  [0m] Reached target Slices.
         Starting Journal Service...
         Starting Uncomplicated firewall...
         Mounting POSIX Message Queue File System...
[[0;32m  OK  [0m] Started Forward Password Requests to Wall Directory Watch.
         Starting Monitoring of LVM2 mirrors…ng dmeventd or progress polling...
[[0;32m  OK  [0m] Listening on LVM2 poll daemon socket.
         Starting Create list of required st…ce nodes for the current kernel...
[    5.959100] Loading iSCSI transport class v2.0-870.
[    5.968075] iscsi: registered transport (tcp)
[    5.989190] iscsi: registered transport (iser)
[[0;32m  OK  [0m] Started Load Kernel Modules.
[[0;32m  OK  [0m] Mounted Huge Pages File System.
[[0;32m  OK  [0m] Mounted Kernel Debug File System.
[[0;32m  OK  [0m] Mounted POSIX Message Queue File System.
         Mounting FUSE Control File System...
         Mounting Kernel Configuration File System...
         Starting Apply Kernel Variables...
[[0;32m  OK  [0m] Mounted FUSE Control File System.
[[0;32m  OK  [0m] Mounted Kernel Configuration File System.
[[0;32m  OK  [0m] Started File System Check Daemon to report status.
[[0;32m  OK  [0m] Started Create list of required sta…vice nodes for the current kernel.
         Starting Create Static Device Nodes in /dev...
[[0;32m  OK  [0m] Started Uncomplicated firewall.
[[0;32m  OK  [0m] Started LVM2 metadata daemon.
[[0;32m  OK  [0m] Started udev Coldplug all Devices.
[[0;32m  OK  [0m] Started Journal Service.
[[0;32m  OK  [0m] Started Create Static Device Nodes in /dev.
[[0;32m  OK  [0m] Started Apply Kernel Variables.
[[0;32m  OK  [0m] Started File System Check on Root Device.
         Starting Remount Root and Kernel File Systems...
[[0;32m  OK  [0m] Started Monitoring of LVM2 mirrors,…sing dmeventd or progress polling.
[[0;32m  OK  [0m] Started Remount Root and Kernel File Systems.
         Starting Flush Journal to Persistent Storage...
         Starting udev Kernel Device Manager...
         Starting Load/Save Random Seed...
[[0;32m  OK  [0m] Started Load/Save Random Seed.
[[0;32m  OK  [0m] Started udev Kernel Device Manager.
[[0;32m  OK  [0m] Started Flush Journal to Persistent Storage.
[[0;32m  OK  [0m] Found device /dev/ttyS0.
[[0;32m  OK  [0m] Listening on Load/Save RF Kill Switch Status /dev/rfkill Watch.
[[0;32m  OK  [0m] Started Set the console keyboard layout.
[[0;32m  OK  [0m] Started Dispatch Password Requests to Console Directory Watch.
[[0;32m  OK  [0m] Reached target Local Encrypted Volumes.
[[0;32m  OK  [0m] Reached target Local File Systems (Pre).
[[0;32m  OK  [0m] Reached target Local File Systems.
         Starting Commit a transient machine-id on disk...
         Starting ebtables ruleset management...
         Starting AppArmor initialization...
         Starting Create Volatile Files and Directories...
         Starting Tell Plymouth To Write Out Runtime Data...
         Starting Set console font and keymap...
[[0;32m  OK  [0m] Started Create Volatile Files and Directories.
         Starting Update UTMP about System Boot/Shutdown...
[[0;32m  OK  [0m] Started Tell Plymouth To Write Out Runtime Data.
[[0;32m  OK  [0m] Started Commit a transient machine-id on disk.
[[0;32m  OK  [0m] Started Update UTMP about System Boot/Shutdown.
[[0;32m  OK  [0m] Started ebtables ruleset management.
[[0;32m  OK  [0m] Started AppArmor initialization.
         Starting Load AppArmor profiles managed internally by snapd...
         Starting Initial cloud-init job (pre-networking)...
[[0;32m  OK  [0m] Started Load AppArmor profiles managed internally by snapd.
[[0;32m  OK  [0m] Started Set console font and keymap.
[    9.665665] cloud-init[817]: Cloud-init v. 22.1-14-g2e17a0d6-0ubuntu1~18.04.3 running 'init-local' at Wed, 13 Apr 2022 15:33:39 +0000. Up 9.29 seconds.
[[0;32m  OK  [0m] Started Initial cloud-init job (pre-networking).
[[0;32m  OK  [0m] Reached target Network (Pre).
         Starting Network Service...
[[0;32m  OK  [0m] Started Network Service.
         Starting Network Name Resolution...
         Starting Wait for Network to be Configured...
[[0;32m  OK  [0m] Started Network Name Resolution.
[[0;32m  OK  [0m] Reached target Host and Network Name Lookups.
[[0;32m  OK  [0m] Reached target Network.
[[0;32m  OK  [0m] Started Wait for Network to be Configured.
         Starting Initial cloud-init job (metadata service crawler)...
[   11.922458] cloud-init[973]: Cloud-init v. 22.1-14-g2e17a0d6-0ubuntu1~18.04.3 running 'init' at Wed, 13 Apr 2022 15:33:42 +0000. Up 11.73 seconds.
[   11.923682] cloud-init[973]: ci-info: ++++++++++++++++++++++++++++++++++++++Net device info++++++++++++++++++++++++++++++++++++++
[   11.924769] cloud-init[973]: ci-info: +--------+------+----------------------------+---------------+--------+-------------------+
[   11.926754] cloud-init[973]: ci-info: | Device |  Up  |          Address           |      Mask     | Scope  |     Hw-Address    |
[   11.927851] cloud-init[973]: ci-info: +--------+------+----------------------------+---------------+--------+-------------------+
[   11.929155] cloud-init[973]: ci-info: | enp0s3 | True |         10.0.2.15          | 255.255.255.0 | global | 02:33:ba:03:32:e5 |
[   11.930402] cloud-init[973]: ci-info: | enp0s3 | True | fe80::33:baff:fe03:32e5/64 |       .       |  link  | 02:33:ba:03:32:e5 |
[   11.931868] cloud-init[973]: ci-info: |   lo   | True |         127.0.0.1          |   255.0.0.0   |  host  |         .         |
[   11.934457] cloud-init[973]: ci-info: |   lo   | True |          ::1/128           |       .       |  host  |         .         |
[   11.935655] cloud-init[973]: ci-info: +--------+------+----------------------------+---------------+--------+-------------------+
[   11.936758] cloud-init[973]: ci-info: ++++++++++++++++++++++++++++Route IPv4 info+++++++++++++++++++++++++++++
[   11.937863] cloud-init[973]: ci-info: +-------+-------------+----------+-----------------+-----------+-------+
[   11.939084] cloud-init[973]: ci-info: | Route | Destination | Gateway  |     Genmask     | Interface | Flags |
[   11.940423] cloud-init[973]: ci-info: +-------+-------------+----------+-----------------+-----------+-------+
[   11.941580] cloud-init[973]: ci-info: |   0   |   0.0.0.0   | 10.0.2.2 |     0.0.0.0     |   enp0s3  |   UG  |
[   11.942810] cloud-init[973]: ci-info: |   1   |   10.0.2.0  | 0.0.0.0  |  255.255.255.0  |   enp0s3  |   U   |
[   11.952154] cloud-init[973]: ci-info: |   2   |   10.0.2.2  | 0.0.0.0  | 255.255.255.255 |   enp0s3  |   UH  |
[   11.953250] cloud-init[973]: ci-info: +-------+-------------+----------+-----------------+-----------+-------+
[   11.954526] cloud-init[973]: ci-info: +++++++++++++++++++Route IPv6 info+++++++++++++++++++
[   11.955866] cloud-init[973]: ci-info: +-------+-------------+---------+-----------+-------+
[   11.956829] cloud-init[973]: ci-info: | Route | Destination | Gateway | Interface | Flags |
[   11.957783] cloud-init[973]: ci-info: +-------+-------------+---------+-----------+-------+
[   11.958662] cloud-init[973]: ci-info: |   1   |  fe80::/64  |    ::   |   enp0s3  |   U   |
[   11.959331] cloud-init[973]: ci-info: |   3   |    local    |    ::   |   enp0s3  |   U   |
[   11.959823] cloud-init[973]: ci-info: |   4   |   ff00::/8  |    ::   |   enp0s3  |   U   |
[   11.960685] cloud-init[973]: ci-info: +-------+-------------+---------+-----------+-------+
[   12.453378] cloud-init[973]: Generating public/private rsa key pair.
[   12.454738] cloud-init[973]: Your identification has been saved in /etc/ssh/ssh_host_rsa_key.
[   12.456301] cloud-init[973]: Your public key has been saved in /etc/ssh/ssh_host_rsa_key.pub.
[   12.457643] cloud-init[973]: The key fingerprint is:
[   12.458436] cloud-init[973]: SHA256:fb/aJspMfInNp4mLwHJH46xspEM7COavk9MO0FYNXIs root@ubuntu-bionic
[   12.459670] cloud-init[973]: The key's randomart image is:
[   12.460543] cloud-init[973]: +---[RSA 2048]----+
[   12.461257] cloud-init[973]: |   ....          |
[   12.461984] cloud-init[973]: |    .+ .         |
[   12.462745] cloud-init[973]: |    E o          |
[   12.463520] cloud-init[973]: | . .     .       |
[   12.464250] cloud-init[973]: |. o     S . .    |
[   12.464929] cloud-init[973]: |oo  ...+ o = o   |
[   12.465613] cloud-init[973]: |oooo.++ + + = o  |
[   12.466313] cloud-init[973]: | =o.=+.+ = o.=.. |
[   12.466999] cloud-init[973]: | .*o +o . *o++o  |
[   12.467602] cloud-init[973]: +----[SHA256]-----+
[   12.468235] cloud-init[973]: Generating public/private dsa key pair.
[   12.468928] cloud-init[973]: Your identification has been saved in /etc/ssh/ssh_host_dsa_key.
[   12.469800] cloud-init[973]: Your public key has been saved in /etc/ssh/ssh_host_dsa_key.pub.
[   12.480258] cloud-init[973]: The key fingerprint is:
[   12.492301] cloud-init[973]: SHA256:USDhwQjuxWrs1qzpK/9G9MZdxTbwnVj5i85pX80pfFc root@ubuntu-bionic
[[0;32m  OK  [0m] Started Initial cloud-init job (metadata service crawler).
[   12.511793] cloud-init[973]: The key's randomart image is:
[[0;32m  OK  [0m] Reached target Network is Online.
[   12.513402] cloud-init[973]: +---[DSA 1024]----+
[   12.514251] cloud-init[973]: |  .. o+...oo  .. |
[   12.515010] cloud-init[973]: | . ....o . .=+.. |
[   12.515750] cloud-init[973]: [[0;32m  OK  [0m] Reached target Remote File Systems (Pre).
[[0;32m  OK  [0m] Reached target Remote File Systems.
         Starting Availability of block devices...
[[0;32m  OK  [0m] Reached target System Initialization.
[[0;32m  OK  [0m] Started Message of the Day.
|  . o . .  oo.o. |
[[0;32m  OK  [0m] Started ACPI Events Check.
[[0;32m  OK  [0m] Started Discard unused blocks once a week.
[[0;32m  OK  [0m] Listening on cloud-init hotplug hook socket.
         Starting LXD - unix socket.
[[0;32m  OK  [0m] Started Ubuntu Advantage Timer for running repeated jobs.
[[0;32m  OK  [0m] Listening on D-Bus System Message Bus Socket.
[[0;32m  OK  [0m] Listening on Open-iSCSI iscsid Socket.
         Starting Socket activation for snappy daemon.
[[0;32m  OK  [0m] Started Daily apt download activities.
[[0;32m  OK  [0m] Started Daily apt upgrade and clean activities.
[[0;32m  OK  [0m] Listening on UUID daemon activation socket.
[   12.522070] cloud-init[973]: | o o.    ..     .|
[   12.532723] cloud-init[973]: |  =. o .S.    . E|
[[0;32m  OK  [0m] Started Trigger to poll for Ubuntu …(Only enabled on GCP LTS non-pro).
[[0;32m  OK  [0m] Reached target Paths.
[   12.535315] cloud-init[973]: | o o. + .   .. o+|
[[0;32m  OK  [0m] Started Daily Cleanup of Temporary Directories.
[[0;32m  OK  [0m] Reached target Timers.
[[0;32m  OK  [0m] Listening on ACPID Listen Socket.[   12.537502] cloud-init[973]: |  o.o.      oo.o=|
[   12.537821] cloud-init[973]: |.. o.        =o o|
[   12.538260] cloud-init[973]: | +*+.       . .. |
[   12.538844] cloud-init[973]: +----[SHA256]-----+
[   12.538991] cloud-init[973]: Generating public/private ecdsa key pair.
[   12.539452] cloud-init[973]: Your identification has been saved in /etc/ssh/ssh_host_ecdsa_key.
[   12.539696] cloud-init[973]: Your public key has been saved in /etc/ssh/ssh_host_ecdsa_key.pub.
[   12.540292] cloud-init[973]: The key fingerprint is:
[   12.540751] cloud-init[973]: SHA256:xwwWU8tmiORuCRq3GojRRcpFAaIuGliVPdVOOgglgp8 root@ubuntu-bionic
[   12.541095] cloud-init[973]: The key's randomart image is:
[   12.541451] cloud-init[973]: +---[ECDSA 256]---+
[   12.541895] cloud-init[973]: |..o+O=o.+o.      |
[   12.542195] cloud-init[973]: |o+ *o+o. =o.     |
[   12.542495] cloud-init[973]: |o.*.o.oo++=      |
[   12.542814] cloud-init[973]: |++E+ +.oo*.      |
[   12.543105] cloud-init[973]: |*.o . + S.+      |
[   12.543308] cloud-init[973]: |o. o .   .       |
[   12.543342] cloud-init[973]: |. .              |
[   12.543573] cloud-init[973]: |                 |
[   12.543862] cloud-init[973]: |                 |
[   12.544292] cloud-init[973]: +----[SHA256]-----+
[   12.544647] cloud-init[973]: Generating public/private ed25519 key pair.
[   12.545007] cloud-init[973]: Your identification has been saved in /etc/ssh/ssh_host_ed25519_key.
[   12.545380] cloud-init[973]: Your public key has been saved in /etc/ssh/ssh_host_ed25519_key.pub.
[   12.545754] cloud-init[973]: The key fingerprint is:
[   12.546120] cloud-init[973]: SHA256:DQQA7Oih0zIUNUEaiN07M/IRvzZyTc9eKZBfgQwPnH8 root@ubuntu-bionic
[   12.546513] cloud-init[973]: The key's randomart image is:
[   12.546884] cloud-init[973]: +--[ED25519 256]--+
[   12.547260] cloud-init[973]: |o++Bo..o++ .     |
[   12.547772] cloud-init[973]: |o.= +  .ooo .    |
[   12.548310] cloud-init[973]: | +.  +  .o.  .   |
[   12.548713] cloud-init[973]: |.oo * . +o. E    |
[   12.549062] cloud-init[973]: |+..o = +S=.o .   |
[   12.549412] cloud-init[973]: |=.. o = . = o    |
[   12.549788] cloud-init[973]: | +   + . . o     |
[   12.550277] cloud-init[973]: |          .      |
[   12.551078] cloud-init[973]: |                 |
[   12.551366] cloud-init[973]: +----[SHA256]-----+

[[0;32m  OK  [0m] Reached target Cloud-config availability.
[[0;32m  OK  [0m] Listening on LXD - unix socket.
[[0;32m  OK  [0m] Started Availability of block devices.
[[0;32m  OK  [0m] Listening on Socket activation for snappy daemon.
[[0;32m  OK  [0m] Reached target Sockets.
[[0;32m  OK  [0m] Reached target Basic System.
[[0;32m  OK  [0m] Started D-Bus System Message Bus.
         Starting LSB: Record successful boot for GRUB...
         Starting Virtualbox guest utils...
         Starting Permit User Sessions...
         Starting Accounts Service...
         Starting Pollinate to seed the pseudo random number generator...
[[0;32m  OK  [0m] Started Deferred execution scheduler.
         Starting LSB: automatic crash report generation...
[[0;32m  OK  [0m] Started irqbalance daemon.
         Starting LXD - container startup/shutdown...
[[0;32m  OK  [0m] Started Regular background program processing daemon.
[[0;32m  OK  [0m] Started FUSE filesystem for LXC.
         Starting System Logging Service...
         Starting Login Service...
         Starting Snap Daemon...
         Starting Dispatcher daemon for systemd-networkd...
[[0;32m  OK  [0m] Started Permit User Sessions.
         Starting Terminate Plymouth Boot Screen...
         Starting Hold until boot process finishes up...
[[0;32m  OK  [0m] Started Hold until boot process finishes up.
         Starting Set console scheme...
[[0;32m  OK  [0m] Started Serial Getty on ttyS0.
[[0;32m  OK  [0m] Started Terminate Plymouth Boot Screen.
[[0;32m  OK  [0m] Started System Logging Service.
[[0;32m  OK  [0m] Started Login Service.
[[0;32m  OK  [0m] Started Unattended Upgrades Shutdown.
[[0;32m  OK  [0m] Started Set console scheme.
[[0;32m  OK  [0m] Created slice system-getty.slice.
[[0;32m  OK  [0m] Started Getty on tty1.
[[0;32m  OK  [0m] Reached target Login Prompts.
[[0;32m  OK  [0m] Started LSB: automatic crash report generation.
[[0;32m  OK  [0m] Started LSB: Record successful boot for GRUB.
[[0;32m  OK  [0m] Started Virtualbox guest utils.
         Starting Authorization Manager...
[[0;32m  OK  [0m] Started LXD - container startup/shutdown.
[[0;32m  OK  [0m] Started Authorization Manager.
[[0;32m  OK  [0m] Started Accounts Service.
[[0;32m  OK  [0m] Started Dispatcher daemon for systemd-networkd.
[[0;32m  OK  [0m] Started Snap Daemon.
         Starting Wait until snapd is fully seeded...
         Starting Time & Date Service...
[[0;32m  OK  [0m] Started Time & Date Service.
[[0;32m  OK  [0m] Started Pollinate to seed the pseudo random number generator.
         Starting OpenBSD Secure Shell server...
[[0;32m  OK  [0m] Started OpenBSD Secure Shell server.
[[0;32m  OK  [0m] Created slice User Slice of vagrant.
         Starting User Manager for UID 1000...
[[0;32m  OK  [0m] Started Session 1 of user vagrant.
[[0;32m  OK  [0m] Started User Manager for UID 1000.
[[0;32m  OK  [0m] Started Wait until snapd is fully seeded.
[[0;32m  OK  [0m] Reached target Multi-User System.
[[0;32m  OK  [0m] Reached target Graphical Interface.
         Starting Update UTMP about System Runlevel Changes...
         Starting Apply the settings specified in cloud-config...
[[0;32m  OK  [0m] Started Update UTMP about System Runlevel Changes.
[   17.240364] cloud-init[1553]: Cloud-init v. 22.1-14-g2e17a0d6-0ubuntu1~18.04.3 running 'modules:config' at Wed, 13 Apr 2022 15:33:47 +0000. Up 16.38 seconds.
[[0;32m  OK  [0m] Started Apply the settings specified in cloud-config.
         Starting Execute cloud user/final scripts...
ci-info: no authorized SSH keys fingerprints found for user ubuntu.
<14>Apr 13 15:33:48 cloud-init: #############################################################
<14>Apr 13 15:33:48 cloud-init: -----BEGIN SSH HOST KEY FINGERPRINTS-----
<14>Apr 13 15:33:48 cloud-init: 1024 SHA256:USDhwQjuxWrs1qzpK/9G9MZdxTbwnVj5i85pX80pfFc root@ubuntu-bionic (DSA)
<14>Apr 13 15:33:48 cloud-init: 256 SHA256:xwwWU8tmiORuCRq3GojRRcpFAaIuGliVPdVOOgglgp8 root@ubuntu-bionic (ECDSA)
<14>Apr 13 15:33:48 cloud-init: 256 SHA256:DQQA7Oih0zIUNUEaiN07M/IRvzZyTc9eKZBfgQwPnH8 root@ubuntu-bionic (ED25519)
<14>Apr 13 15:33:48 cloud-init: 2048 SHA256:fb/aJspMfInNp4mLwHJH46xspEM7COavk9MO0FYNXIs root@ubuntu-bionic (RSA)
<14>Apr 13 15:33:48 cloud-init: -----END SSH HOST KEY FINGERPRINTS-----
<14>Apr 13 15:33:48 cloud-init: #############################################################
-----BEGIN SSH HOST KEY KEYS-----
ecdsa-sha2-nistp256 AAAAE2VjZHNhLXNoYTItbmlzdHAyNTYAAAAIbmlzdHAyNTYAAABBBM0T7Kz1evun7DjEqVbfnDokspJlMMC2GIc3h4CheUvC/geO5sU/cksEx0Q3usFamNR+jRZsaMQmdSks9RPNszg= root@ubuntu-bionic
ssh-ed25519 AAAAC3NzaC1lZDI1NTE5AAAAIFsi5xnexbFcT953aZZbaQ+yLGc2vcjtPDBvP7c5wqQV root@ubuntu-bionic
ssh-rsa AAAAB3NzaC1yc2EAAAADAQABAAABAQDIamdoOS6mdMbDkxSe0hOAY0g9uDwPIeAsxeO02yf658sQi2EX+cnQTNgiLNG8qxLH2Odrsm0VGEZ+Lc63WJUnVWhXaLw1mx2TleyW8aC5slVx26NZhTWqBdHIe40SCRtXxzmt8+ztasUUhqZaB7r7Xh9khNYKwGAjflhxmB5scIhAr7jCjUMMoxqWQpoEhhN4sTSQVxcLpllH6qR8LxHbZjloqAfLQibwTfo+TTWuACXOv9WhhzkGgfUpA61uhHGH8/+XO0TkNw9YL22Yvooe7PhetJ4GLPYrKouRFrB+qDZSKYOhaFdY9S2+sPopQbG8plrl6pl4UcX9O0sJohHV root@ubuntu-bionic
-----END SSH HOST KEY KEYS-----
[   17.869141] cloud-init[1655]: Cloud-init v. 22.1-14-g2e17a0d6-0ubuntu1~18.04.3 running 'modules:final' at Wed, 13 Apr 2022 15:33:48 +0000. Up 17.64 seconds.
[   17.870776] cloud-init[1655]: Cloud-init v. 22.1-14-g2e17a0d6-0ubuntu1~18.04.3 finished at Wed, 13 Apr 2022 15:33:48 +0000. Datasource DataSourceNoCloud [seed=/dev/sdb][dsmode=net].  Up 17.85 seconds

Ubuntu 18.04.6 LTS ubuntu-bionic ttyS0

ubuntu-bionic login: 